2025-03-13 19:08:31,011 - root - INFO - These items are in the environment: ['__annotations__', '__builtins__', '__cached__', '__doc__', '__file__', '__loader__', '__name__', '__package__', '__spec__', 'argparse', 'args', 'gg', 'gp', 'lg', 'os', 'parser', 'pd']
2025-03-13 19:08:31,011 - root - INFO - Arguments received from command line: 
 Namespace(input=['G:/ali/SM_cloned/results/atr_cnt_map_19982017_DISCIPLINE.parquet', 'G:/ali/SM_cloned/results/atr_reg_map_19982017_DISCIPLINE.parquet'], MEASURE_MAPPED='NMR', MIGRATION_SYSTEM='INT', GEO_REGION='WORLD', TIME_SPAN='19982017', DISAGGREGATION='DISCIPLINE', VAR_CATEGORY='Agr-Eng-Nat', output='G:/ali/SM_cloned/results/figures/m_attr_WORLD_19982017_NMR_INT_DISCIPLINE_Agr-Eng-Nat.png')
2025-03-13 19:08:33,048 - root - INFO - ##################################################
2025-03-13 19:08:33,048 - root - INFO - Reading data from G:/ali/SM_cloned/results/atr_cnt_map_19982017_DISCIPLINE.parquet AND G:/ali/SM_cloned/results/atr_reg_map_19982017_DISCIPLINE.parquet
2025-03-13 19:08:33,048 - root - INFO - ##################################################
2025-03-13 19:08:33,048 - root - INFO - Data is imported!
2025-03-13 19:08:33,048 - root - INFO - Disaggregating by: DISCIPLINE
2025-03-13 19:08:33,048 - root - INFO - Mapping this column: nmr_INT_sum_region
2025-03-13 19:08:33,072 - root - INFO - data filtered based on disaggregation column!
2025-03-13 19:08:33,072 - root - INFO - Disaggregation column in use is: fieldOfScience
2025-03-13 19:08:33,072 - root - INFO - Disaggregation category in use is: Agr-Eng-Nat
2025-03-13 19:08:33,132 - root - INFO - DF NOT empty; Few rows of data: 
       iso_a2      name type_en  ... mei_INT_IN_sum_region  IMP_IN_inflow IMP_IN_outflow
10904     MT     Marsa    None  ...                   NaN            NaN            NaN
10905     MT      Luqa    None  ...                   NaN            NaN            NaN
10915     MT     Paola    None  ...                100.00          33.33            NaN
10919     MT  Floriana    None  ...                   NaN            NaN            NaN
10924     MT     Msida    None  ...                 31.75           2.41           0.00

[5 rows x 30 columns]
2025-03-13 19:08:33,132 - root - INFO - The output in Python script is: G:/ali/SM_cloned/results/figures/m_attr_WORLD_19982017_NMR_INT_DISCIPLINE_Agr-Eng-Nat.png
2025-03-13 19:08:33,132 - root - INFO - Theme used WORLD, NMR
C:\Users\akbaritabar\.conda\envs\Ali\Lib\site-packages\plotnine\ggplot.py:615: PlotnineWarning: Saving 7 x 3.5 in image.
C:\Users\akbaritabar\.conda\envs\Ali\Lib\site-packages\plotnine\ggplot.py:616: PlotnineWarning: Filename: G:/ali/SM_cloned/results/figures/m_attr_WORLD_19982017_NMR_INT_DISCIPLINE_Agr-Eng-Nat.png
2025-03-13 19:08:45,993 - root - INFO - ##################################################
2025-03-13 19:08:45,993 - root - INFO - Figure G:/ali/SM_cloned/results/figures/m_attr_WORLD_19982017_NMR_INT_DISCIPLINE_Agr-Eng-Nat.png is exported.
